<?xml version="1.0" encoding="UTF-8"?>
<!-- Generated by org.testng.reporters.JUnitReportReporter -->
<testsuite hostname="DESKTOP-7SIFO9D" failures="0" tests="1" name="com.simplilearn.AppiumDemo.ZoomOutDemo" time="8.659" errors="0" timestamp="2023-02-04T09:51:13 IST" skipped="0">
  <testcase classname="com.simplilearn.AppiumDemo.ZoomOutDemo" name="ZoomOut" time="8.659"/>
  <system-out/>
</testsuite> <!-- com.simplilearn.AppiumDemo.ZoomOutDemo -->
