<?xml version="1.0" encoding="UTF-8"?>
<!-- Generated by org.testng.reporters.JUnitReportReporter -->
<testsuite hostname="DESKTOP-7SIFO9D" failures="0" tests="1" name="com.simplilearn.AppiumDemo.ContextSwitchingDemo" time="12.928" errors="0" timestamp="2023-01-28T13:38:38 IST" skipped="0">
  <testcase classname="com.simplilearn.AppiumDemo.ContextSwitchingDemo" name="addShortcutToHomeScreen" time="12.928"/>
  <system-out/>
</testsuite> <!-- com.simplilearn.AppiumDemo.ContextSwitchingDemo -->
