<?xml version="1.0" encoding="UTF-8"?>
<!-- Generated by org.testng.reporters.JUnitReportReporter -->
<testsuite hostname="DESKTOP-7SIFO9D" failures="0" tests="3" name="com.simplilearn.AppiumDemo.Calculator" time="9.878" errors="0" timestamp="2023-01-22T12:10:47 IST" skipped="0">
  <testcase classname="com.simplilearn.AppiumDemo.Calculator" name="verifyAdditionProcess" time="6.057"/>
  <system-out/>
  <testcase classname="com.simplilearn.AppiumDemo.Calculator" name="verifyMultipicationProcess" time="3.666"/>
  <system-out/>
  <testcase classname="com.simplilearn.AppiumDemo.Calculator" name="verifyDelBtnIsPresent" time="0.155"/>
  <system-out/>
</testsuite> <!-- com.simplilearn.AppiumDemo.Calculator -->
